Unity Editor version:    2020.3.28f1 (f5400f52e03f)
Branch:                  2020.3/staging
Build type:              Release
Batch mode:              YES
macOS version:           Version 10.13.6 (Build 17G14042)
Darwin version:          17.7.0
Architecture:            x86_64
Running under Rosetta:   NO
Available memory:        16384 MB
Using pre-set license
Pro License: NO

COMMAND LINE ARGUMENTS:
/Applications/Unity/Hub/Editor/2020.3.28f1/Unity.app/Contents/MacOS/Unity
-adb2
-batchMode
-noUpm
-name
AssetImportWorker0
-projectPath
/Users/nacho/Desktop/DESAFIOS CODER/CoderDesafios/10- DesafioClaseSingeltone+Raycasting
-logFile
Logs/AssetImportWorker0.log
-srvPort
49642
Successfully changed project path to: /Users/nacho/Desktop/DESAFIOS CODER/CoderDesafios/10- DesafioClaseSingeltone+Raycasting
/Users/nacho/Desktop/DESAFIOS CODER/CoderDesafios/10- DesafioClaseSingeltone+Raycasting
Using Asset Import Pipeline V2.
Refreshing native plugins compatible for Editor in 67.47 ms, found 2 plugins.
Preloading 0 native plugins for Editor in 0.00 ms.
Initialize engine version: 2020.3.28f1 (f5400f52e03f)
[Subsystems] Discovering subsystems at path /Applications/Unity/Hub/Editor/2020.3.28f1/Unity.app/Contents/Resources/UnitySubsystems
[Subsystems] Discovering subsystems at path /Users/nacho/Desktop/DESAFIOS CODER/CoderDesafios/10- DesafioClaseSingeltone+Raycasting/Assets
GfxDevice: creating device client; threaded=0
2022-08-20 12:02:34.234 Unity[1055:31778] Color LCD preferred device: Intel HD Graphics 4000 (low power)
2022-08-20 12:02:34.234 Unity[1055:31778] Metal devices available: 1
2022-08-20 12:02:34.234 Unity[1055:31778] 0: Intel HD Graphics 4000 (low power)
2022-08-20 12:02:34.235 Unity[1055:31778] Using device Intel HD Graphics 4000 (low power)
Initializing Metal device caps: Intel HD Graphics 4000
Initialize mono
Mono path[0] = '/Applications/Unity/Hub/Editor/2020.3.28f1/Unity.app/Contents/Managed'
Mono path[1] = '/Applications/Unity/Hub/Editor/2020.3.28f1/Unity.app/Contents/MonoBleedingEdge/lib/mono/unityjit'
Mono config path = '/Applications/Unity/Hub/Editor/2020.3.28f1/Unity.app/Contents/MonoBleedingEdge/etc'
Using monoOptions --debugger-agent=transport=dt_socket,embedding=1,server=y,suspend=n,address=127.0.0.1:56055
Begin MonoManager ReloadAssembly
Registering precompiled unity dll's ...
Register platform support module: /Applications/Unity/Hub/Editor/2020.3.28f1/Unity.app/Contents/PlaybackEngines/MacStandaloneSupport/UnityEditor.OSXStandalone.Extensions.dll
Registered in 0.000696 seconds.
Native extension for OSXStandalone target not found
Refreshing native plugins compatible for Editor in 70.71 ms, found 2 plugins.
Preloading 0 native plugins for Editor in 0.00 ms.
Mono: successfully reloaded assembly
- Completed reload, in  1.249 seconds
Domain Reload Profiling:
	ReloadAssembly (1250ms)
		BeginReloadAssembly (76ms)
			ExecutionOrderSort (0ms)
			DisableScriptedObjects (0ms)
			BackupInstance (0ms)
			ReleaseScriptingObjects (0ms)
			CreateAndSetChildDomain (2ms)
		EndReloadAssembly (1019ms)
			LoadAssemblies (74ms)
			RebuildTransferFunctionScriptingTraits (0ms)
			SetupTypeCache (383ms)
			ReleaseScriptCaches (0ms)
			RebuildScriptCaches (82ms)
			SetupLoadedEditorAssemblies (391ms)
				LogAssemblyErrors (0ms)
				InitializePlatformSupportModulesInManaged (8ms)
				SetLoadedEditorAssemblies (2ms)
				RefreshPlugins (71ms)
				BeforeProcessingInitializeOnLoad (55ms)
				ProcessInitializeOnLoadAttributes (196ms)
				ProcessInitializeOnLoadMethodAttributes (59ms)
				AfterProcessingInitializeOnLoad (0ms)
				EditorAssembliesLoaded (0ms)
			ExecutionOrderSort2 (0ms)
			AwakeInstancesAfterBackupRestoration (0ms)
Platform modules already initialized, skipping
Registering precompiled user dll's ...
Registered in 0.003862 seconds.
Begin MonoManager ReloadAssembly
Native extension for OSXStandalone target not found
Refreshing native plugins compatible for Editor in 0.48 ms, found 2 plugins.
Preloading 0 native plugins for Editor in 0.00 ms.
Mono: successfully reloaded assembly
- Completed reload, in  2.140 seconds
Domain Reload Profiling:
	ReloadAssembly (2141ms)
		BeginReloadAssembly (302ms)
			ExecutionOrderSort (0ms)
			DisableScriptedObjects (14ms)
			BackupInstance (0ms)
			ReleaseScriptingObjects (0ms)
			CreateAndSetChildDomain (54ms)
		EndReloadAssembly (1720ms)
			LoadAssemblies (115ms)
			RebuildTransferFunctionScriptingTraits (0ms)
			SetupTypeCache (647ms)
			ReleaseScriptCaches (1ms)
			RebuildScriptCaches (114ms)
			SetupLoadedEditorAssemblies (617ms)
				LogAssemblyErrors (0ms)
				InitializePlatformSupportModulesInManaged (7ms)
				SetLoadedEditorAssemblies (1ms)
				RefreshPlugins (1ms)
				BeforeProcessingInitializeOnLoad (151ms)
				ProcessInitializeOnLoadAttributes (439ms)
				ProcessInitializeOnLoadMethodAttributes (16ms)
				AfterProcessingInitializeOnLoad (2ms)
				EditorAssembliesLoaded (0ms)
			ExecutionOrderSort2 (0ms)
			AwakeInstancesAfterBackupRestoration (13ms)
Platform modules already initialized, skipping
Validating Project structure ... 0.000650 seconds.
Shader import version has changed; will reimport all shaders...
Upgrading shader files ...0.000660 seconds.
Application.AssetDatabase Initial Script Refresh Start
RefreshInfo: InitialScriptRefreshV2(NoUpdateAssetOptions) scanfilter:  ... 1 filters
RefreshProfiler: Total: 0.000ms
Application.AssetDatabase Initial Script Refresh End
Application.AssetDatabase.Refresh Start
Application.AssetDatabase.Refresh End
RefreshInfo: StopAssetImportingV2(ForceSynchronousImport) scanfilter: 
RefreshProfiler: Total: 0.000ms
Launching external process: /Applications/Unity/Hub/Editor/2020.3.28f1/Unity.app/Contents/Tools/UnityShaderCompiler
Launched and connected shader compiler UnityShaderCompiler after 0.02 seconds
Initializing Unity extensions:
========================================================================
Worker process is ready to serve import requests
Refreshing native plugins compatible for Editor in 0.61 ms, found 2 plugins.
Preloading 0 native plugins for Editor in 0.00 ms.
Unloading 1657 Unused Serialized files (Serialized files now loaded: 0)
System memory in use before: 184.5 MB.
System memory in use after: 183.6 MB.

Unloading 130 unused Assets to reduce memory usage. Loaded Objects now: 2128.
Total: 4.812049 ms (FindLiveObjects: 0.185783 ms CreateObjectMapping: 0.079481 ms MarkObjects: 3.791313 ms  DeleteObjects: 0.753695 ms)

AssetImportParameters requested are different than current active one (requested -> active):
  custom:video-decoder-ogg-theora: a1e56fd34408186e4bbccfd4996cb3dc -> 
  custom:container-muxer-webm: aa71ff27fc2769a1b78a27578f13a17b -> 
  custom:container-demuxer-webm: 4f35f7cbe854078d1ac9338744f61a02 -> 
  custom:container-demuxer-ogg: 62fdf1f143b41e24485cea50d1cbac27 -> 
  custom:video-encoder-webm-vp8: eb34c28f22e8b96e1ab97ce403110664 -> 
  custom:framework-osx-AVFoundation: b23960f63f64bdc6ff669e2cdcee2391 -> 
  custom:video-decoder-webm-vp8: 9c59270c3fd7afecdb556c50c9e8de78 -> 
  custom:audio-decoder-ogg-vorbis: bf7c407c2cedff20999df2af8eb42d56 -> 
  custom:audio-encoder-webm-vorbis: bf7c407c2cedff20999df2af8eb42d56 -> 
========================================================================
Received Import Request.
  path: Assets
  artifactKey: Guid(00000000000000001000000000000000) Importer(815301076,1909f56bfc062723c751e8b465ee728b)
Start importing Assets using Guid(00000000000000001000000000000000) Importer(815301076,1909f56bfc062723c751e8b465ee728b)  -> (artifact id: '42d402b061de3733987d63b9cc3b64de') in 0.010881 seconds 
  Import took 0.015681 seconds .

========================================================================
Received Import Request.
  Time since last request: 17.270929 seconds.
  path: Assets/Prefabs/Enemy.prefab
  artifactKey: Guid(e0c4cbe7d14ee2d48ad0b8d0018cf122) Importer(815301076,1909f56bfc062723c751e8b465ee728b)
Start importing Assets/Prefabs/Enemy.prefab using Guid(e0c4cbe7d14ee2d48ad0b8d0018cf122) Importer(815301076,1909f56bfc062723c751e8b465ee728b)  -> (artifact id: 'a850b327cca5e82c6ec13ee58065acd2') in 0.980385 seconds 
  Import took 0.986797 seconds .

========================================================================
Received Import Request.
  Time since last request: 0.004613 seconds.
  path: Assets/Materials/Colors/Black.mat
  artifactKey: Guid(fea7ad39d4b415046ae5798aa34265d0) Importer(815301076,1909f56bfc062723c751e8b465ee728b)
Start importing Assets/Materials/Colors/Black.mat using Guid(fea7ad39d4b415046ae5798aa34265d0) Importer(815301076,1909f56bfc062723c751e8b465ee728b)  -> (artifact id: 'b4d69b320fb207db54de6d0e184aeef2') in 0.090838 seconds 
  Import took 0.095899 seconds .

========================================================================
Received Import Request.
  Time since last request: 0.004434 seconds.
  path: Assets/Prefabs/Projectile.prefab
  artifactKey: Guid(8ac5179f0ab6c7743871a1f8c9565bdd) Importer(815301076,1909f56bfc062723c751e8b465ee728b)
Start importing Assets/Prefabs/Projectile.prefab using Guid(8ac5179f0ab6c7743871a1f8c9565bdd) Importer(815301076,1909f56bfc062723c751e8b465ee728b)  -> (artifact id: '55d47c6f3b48d93ed0d847a61ff0e144') in 0.021268 seconds 
  Import took 0.026590 seconds .

========================================================================
Received Import Request.
  Time since last request: 0.003470 seconds.
  path: Assets/Materials
  artifactKey: Guid(26f221a44862e0446bb341b33f537709) Importer(815301076,1909f56bfc062723c751e8b465ee728b)
Start importing Assets/Materials using Guid(26f221a44862e0446bb341b33f537709) Importer(815301076,1909f56bfc062723c751e8b465ee728b)  -> (artifact id: 'c925e3aaa4faab502c254e6f3aa57eb0') in 0.001613 seconds 
  Import took 0.007639 seconds .

========================================================================
Received Import Request.
  Time since last request: 0.004348 seconds.
  path: Assets/Materials/Colors
  artifactKey: Guid(7e4885a31d6daec45aaf2f0033666f1a) Importer(815301076,1909f56bfc062723c751e8b465ee728b)
Start importing Assets/Materials/Colors using Guid(7e4885a31d6daec45aaf2f0033666f1a) Importer(815301076,1909f56bfc062723c751e8b465ee728b)  -> (artifact id: '85b9f64648fbef7f5e35ab0df24ad8d5') in 0.002001 seconds 
  Import took 0.007849 seconds .

========================================================================
Received Import Request.
  Time since last request: 0.003213 seconds.
  path: Assets/Materials/Colors/Brown.mat
  artifactKey: Guid(cb7abbcaa39987e42a265048133c0cf1) Importer(815301076,1909f56bfc062723c751e8b465ee728b)
Start importing Assets/Materials/Colors/Brown.mat using Guid(cb7abbcaa39987e42a265048133c0cf1) Importer(815301076,1909f56bfc062723c751e8b465ee728b)  -> (artifact id: '564fdc65a15df3d56b219a11c070b5dc') in 0.015944 seconds 
  Import took 0.021953 seconds .

========================================================================
Received Import Request.
  Time since last request: 0.002819 seconds.
  path: Assets/Materials/Colors/REd.mat
  artifactKey: Guid(92cf6ff90b8f6ff4cb9637de89972805) Importer(815301076,1909f56bfc062723c751e8b465ee728b)
Start importing Assets/Materials/Colors/REd.mat using Guid(92cf6ff90b8f6ff4cb9637de89972805) Importer(815301076,1909f56bfc062723c751e8b465ee728b)  -> (artifact id: '666fb81860c623804b69e8fecd6edc91') in 0.015449 seconds 
  Import took 0.019878 seconds .

========================================================================
Received Import Request.
  Time since last request: 0.001974 seconds.
  path: Assets/Scripts
  artifactKey: Guid(cb3ae9de2ce203d488f10710e7435523) Importer(815301076,1909f56bfc062723c751e8b465ee728b)
Start importing Assets/Scripts using Guid(cb3ae9de2ce203d488f10710e7435523) Importer(815301076,1909f56bfc062723c751e8b465ee728b)  -> (artifact id: 'd896fe75dbb9d89eafa9b459f770170d') in 0.001549 seconds 
  Import took 0.008027 seconds .

========================================================================
Received Import Request.
  Time since last request: 0.003303 seconds.
  path: Assets/Materials/Colors/Purple.mat
  artifactKey: Guid(764fb549d84b336489bdefb7988bb431) Importer(815301076,1909f56bfc062723c751e8b465ee728b)
Start importing Assets/Materials/Colors/Purple.mat using Guid(764fb549d84b336489bdefb7988bb431) Importer(815301076,1909f56bfc062723c751e8b465ee728b)  -> (artifact id: 'f8acbdfb3be7c5359c49e05834a8f3a8') in 0.019621 seconds 
  Import took 0.025648 seconds .

========================================================================
Received Import Request.
  Time since last request: 0.002807 seconds.
  path: Assets/Prefabs
  artifactKey: Guid(0779f91a2cb334a358f138b1941e7234) Importer(815301076,1909f56bfc062723c751e8b465ee728b)
Start importing Assets/Prefabs using Guid(0779f91a2cb334a358f138b1941e7234) Importer(815301076,1909f56bfc062723c751e8b465ee728b)  -> (artifact id: 'b6bd948cbadf607949abcfba9283dc3c') in 0.001624 seconds 
  Import took 0.007030 seconds .

========================================================================
Received Import Request.
  Time since last request: 0.005436 seconds.
  path: Assets/Materials/Colors/Green.mat
  artifactKey: Guid(570955ad1aebb824d9a21cbc45e04374) Importer(815301076,1909f56bfc062723c751e8b465ee728b)
Start importing Assets/Materials/Colors/Green.mat using Guid(570955ad1aebb824d9a21cbc45e04374) Importer(815301076,1909f56bfc062723c751e8b465ee728b)  -> (artifact id: 'eacf0b7bdf40db90e465f49f46e009c6') in 0.022177 seconds 
  Import took 0.028848 seconds .

